<?xml version="1.0" encoding="UTF-8"?>
<!-- Generated by org.testng.reporters.JUnitReportReporter -->
<testsuite name="TestNgPrjct.test1" tests="2" time="6.167" ignored="0" failures="0" timestamp="17 May 2019 06:16:23 GMT" skipped="0" hostname="DESKTOP-DVEOUHU" errors="0">
  <testcase name="register" time="2.736" classname="TestNgPrjct.test1"/>
  <testcase name="support" time="3.431" classname="TestNgPrjct.test1"/>
</testsuite> <!-- TestNgPrjct.test1 -->
