<?xml version="1.0" encoding="UTF-8"?>
<!-- Generated by org.testng.reporters.JUnitReportReporter -->
<testsuite name="Test.GoogleSearchTest" tests="1" time="3.160" ignored="0" failures="0" timestamp="28 May 2019 07:23:32 GMT" skipped="0" hostname="DESKTOP-DVEOUHU" errors="0">
  <testcase name="googleSearch" time="3.160" classname="Test.GoogleSearchTest"/>
</testsuite> <!-- Test.GoogleSearchTest -->
