<?xml version="1.0" encoding="UTF-8"?>
<!-- Generated by org.testng.reporters.JUnitReportReporter -->
<testsuite name="Test.Act" tests="1" time="7.723" ignored="0" failures="0" timestamp="17 May 2019 06:13:46 GMT" skipped="0" hostname="DESKTOP-DVEOUHU" errors="0">
  <testcase name="action" time="7.723" classname="Test.Act"/>
</testsuite> <!-- Test.Act -->
