<?xml version="1.0" encoding="UTF-8"?>
<!-- Generated by org.testng.reporters.JUnitReportReporter -->
<testsuite name="Test.AlerttHandlesExamples" tests="1" time="9.604" ignored="0" failures="0" timestamp="17 May 2019 06:10:20 GMT" skipped="0" hostname="DESKTOP-DVEOUHU" errors="0">
  <testcase name="handleAlert" time="9.604" classname="Test.AlerttHandlesExamples"/>
</testsuite> <!-- Test.AlerttHandlesExamples -->
